[0.785s] Invoking command in '/home/oystein/scatebot/ros2_ws/src/gamepad_joy': DEBUGINFOD_URLS=https://debuginfod.ubuntu.com PYTHONPATH=/home/oystein/scatebot/ros2_ws/build/gamepad_joy/prefix_override:/usr/lib/python3/dist-packages/colcon_core/task/python/colcon_distutils_commands:/home/oystein/scatebot/ros2_ws/install/gamepad_joy/lib/python3.12/site-packages:${PYTHONPATH} /usr/bin/python3 -W ignore:setup.py install is deprecated -W ignore:easy_install command is deprecated setup.py egg_info --egg-base ../../build/gamepad_joy build --build-base /home/oystein/scatebot/ros2_ws/build/gamepad_joy/build install --record /home/oystein/scatebot/ros2_ws/build/gamepad_joy/install.log --single-version-externally-managed install_data
[1.049s] running egg_info
[1.069s] writing ../../build/gamepad_joy/gamepad_joy.egg-info/PKG-INFO
[1.070s] writing dependency_links to ../../build/gamepad_joy/gamepad_joy.egg-info/dependency_links.txt
[1.070s] writing entry points to ../../build/gamepad_joy/gamepad_joy.egg-info/entry_points.txt
[1.070s] writing requirements to ../../build/gamepad_joy/gamepad_joy.egg-info/requires.txt
[1.070s] writing top-level names to ../../build/gamepad_joy/gamepad_joy.egg-info/top_level.txt
[1.111s] reading manifest file '../../build/gamepad_joy/gamepad_joy.egg-info/SOURCES.txt'
[1.112s] writing manifest file '../../build/gamepad_joy/gamepad_joy.egg-info/SOURCES.txt'
[1.112s] running build
[1.112s] running build_py
[1.112s] copying gamepad_joy/gamepad_to_joy.py -> /home/oystein/scatebot/ros2_ws/build/gamepad_joy/build/lib/gamepad_joy
[1.112s] running install
[1.118s] running install_lib
[1.138s] copying /home/oystein/scatebot/ros2_ws/build/gamepad_joy/build/lib/gamepad_joy/gamepad_to_joy.py -> /home/oystein/scatebot/ros2_ws/install/gamepad_joy/lib/python3.12/site-packages/gamepad_joy
[1.139s] byte-compiling /home/oystein/scatebot/ros2_ws/install/gamepad_joy/lib/python3.12/site-packages/gamepad_joy/gamepad_to_joy.py to gamepad_to_joy.cpython-312.pyc
[1.140s] running install_data
[1.140s] running install_egg_info
[1.162s] removing '/home/oystein/scatebot/ros2_ws/install/gamepad_joy/lib/python3.12/site-packages/gamepad_joy-0.0.0-py3.12.egg-info' (and everything under it)
[1.162s] Copying ../../build/gamepad_joy/gamepad_joy.egg-info to /home/oystein/scatebot/ros2_ws/install/gamepad_joy/lib/python3.12/site-packages/gamepad_joy-0.0.0-py3.12.egg-info
[1.162s] running install_scripts
[1.299s] Installing gamepad_joy script to /home/oystein/scatebot/ros2_ws/install/gamepad_joy/lib/gamepad_joy
[1.299s] writing list of installed files to '/home/oystein/scatebot/ros2_ws/build/gamepad_joy/install.log'
[1.322s] Invoked command in '/home/oystein/scatebot/ros2_ws/src/gamepad_joy' returned '0': DEBUGINFOD_URLS=https://debuginfod.ubuntu.com PYTHONPATH=/home/oystein/scatebot/ros2_ws/build/gamepad_joy/prefix_override:/usr/lib/python3/dist-packages/colcon_core/task/python/colcon_distutils_commands:/home/oystein/scatebot/ros2_ws/install/gamepad_joy/lib/python3.12/site-packages:${PYTHONPATH} /usr/bin/python3 -W ignore:setup.py install is deprecated -W ignore:easy_install command is deprecated setup.py egg_info --egg-base ../../build/gamepad_joy build --build-base /home/oystein/scatebot/ros2_ws/build/gamepad_joy/build install --record /home/oystein/scatebot/ros2_ws/build/gamepad_joy/install.log --single-version-externally-managed install_data
