running egg_info
writing ../../build/gamepad_joy/gamepad_joy.egg-info/PKG-INFO
writing dependency_links to ../../build/gamepad_joy/gamepad_joy.egg-info/dependency_links.txt
writing entry points to ../../build/gamepad_joy/gamepad_joy.egg-info/entry_points.txt
writing requirements to ../../build/gamepad_joy/gamepad_joy.egg-info/requires.txt
writing top-level names to ../../build/gamepad_joy/gamepad_joy.egg-info/top_level.txt
reading manifest file '../../build/gamepad_joy/gamepad_joy.egg-info/SOURCES.txt'
writing manifest file '../../build/gamepad_joy/gamepad_joy.egg-info/SOURCES.txt'
running build
running build_py
copying gamepad_joy/gamepad_to_joy.py -> /home/oystein/scatebot/ros2_ws/build/gamepad_joy/build/lib/gamepad_joy
running install
running install_lib
copying /home/oystein/scatebot/ros2_ws/build/gamepad_joy/build/lib/gamepad_joy/gamepad_to_joy.py -> /home/oystein/scatebot/ros2_ws/install/gamepad_joy/lib/python3.12/site-packages/gamepad_joy
byte-compiling /home/oystein/scatebot/ros2_ws/install/gamepad_joy/lib/python3.12/site-packages/gamepad_joy/gamepad_to_joy.py to gamepad_to_joy.cpython-312.pyc
running install_data
running install_egg_info
removing '/home/oystein/scatebot/ros2_ws/install/gamepad_joy/lib/python3.12/site-packages/gamepad_joy-0.0.0-py3.12.egg-info' (and everything under it)
Copying ../../build/gamepad_joy/gamepad_joy.egg-info to /home/oystein/scatebot/ros2_ws/install/gamepad_joy/lib/python3.12/site-packages/gamepad_joy-0.0.0-py3.12.egg-info
running install_scripts
Installing gamepad_joy script to /home/oystein/scatebot/ros2_ws/install/gamepad_joy/lib/gamepad_joy
writing list of installed files to '/home/oystein/scatebot/ros2_ws/build/gamepad_joy/install.log'
