[0.785s] Invoking command in '/home/oystein/scatebot/ros2_ws/src/gamepad_joy': DEBUGINFOD_URLS=https://debuginfod.ubuntu.com PYTHONPATH=/home/oystein/scatebot/ros2_ws/build/gamepad_joy/prefix_override:/usr/lib/python3/dist-packages/colcon_core/task/python/colcon_distutils_commands:/home/oystein/scatebot/ros2_ws/install/gamepad_joy/lib/python3.12/site-packages:${PYTHONPATH} /usr/bin/python3 -W ignore:setup.py install is deprecated -W ignore:easy_install command is deprecated setup.py egg_info --egg-base ../../build/gamepad_joy build --build-base /home/oystein/scatebot/ros2_ws/build/gamepad_joy/build install --record /home/oystein/scatebot/ros2_ws/build/gamepad_joy/install.log --single-version-externally-managed install_data
[1.045s] running egg_info
[1.065s] writing ../../build/gamepad_joy/gamepad_joy.egg-info/PKG-INFO
[1.065s] writing dependency_links to ../../build/gamepad_joy/gamepad_joy.egg-info/dependency_links.txt
[1.065s] writing entry points to ../../build/gamepad_joy/gamepad_joy.egg-info/entry_points.txt
[1.066s] writing requirements to ../../build/gamepad_joy/gamepad_joy.egg-info/requires.txt
[1.066s] writing top-level names to ../../build/gamepad_joy/gamepad_joy.egg-info/top_level.txt
[1.105s] reading manifest file '../../build/gamepad_joy/gamepad_joy.egg-info/SOURCES.txt'
[1.105s] writing manifest file '../../build/gamepad_joy/gamepad_joy.egg-info/SOURCES.txt'
[1.105s] running build
[1.106s] running build_py
[1.106s] copying gamepad_joy/gamepad_to_joy.py -> /home/oystein/scatebot/ros2_ws/build/gamepad_joy/build/lib/gamepad_joy
[1.106s] running install
[1.111s] running install_lib
[1.132s] copying /home/oystein/scatebot/ros2_ws/build/gamepad_joy/build/lib/gamepad_joy/gamepad_to_joy.py -> /home/oystein/scatebot/ros2_ws/install/gamepad_joy/lib/python3.12/site-packages/gamepad_joy
[1.132s] byte-compiling /home/oystein/scatebot/ros2_ws/install/gamepad_joy/lib/python3.12/site-packages/gamepad_joy/gamepad_to_joy.py to gamepad_to_joy.cpython-312.pyc
[1.133s] running install_data
[1.133s] running install_egg_info
[1.154s] removing '/home/oystein/scatebot/ros2_ws/install/gamepad_joy/lib/python3.12/site-packages/gamepad_joy-0.0.0-py3.12.egg-info' (and everything under it)
[1.154s] Copying ../../build/gamepad_joy/gamepad_joy.egg-info to /home/oystein/scatebot/ros2_ws/install/gamepad_joy/lib/python3.12/site-packages/gamepad_joy-0.0.0-py3.12.egg-info
[1.155s] running install_scripts
[1.290s] Installing gamepad_joy script to /home/oystein/scatebot/ros2_ws/install/gamepad_joy/lib/gamepad_joy
[1.291s] writing list of installed files to '/home/oystein/scatebot/ros2_ws/build/gamepad_joy/install.log'
[1.313s] Invoked command in '/home/oystein/scatebot/ros2_ws/src/gamepad_joy' returned '0': DEBUGINFOD_URLS=https://debuginfod.ubuntu.com PYTHONPATH=/home/oystein/scatebot/ros2_ws/build/gamepad_joy/prefix_override:/usr/lib/python3/dist-packages/colcon_core/task/python/colcon_distutils_commands:/home/oystein/scatebot/ros2_ws/install/gamepad_joy/lib/python3.12/site-packages:${PYTHONPATH} /usr/bin/python3 -W ignore:setup.py install is deprecated -W ignore:easy_install command is deprecated setup.py egg_info --egg-base ../../build/gamepad_joy build --build-base /home/oystein/scatebot/ros2_ws/build/gamepad_joy/build install --record /home/oystein/scatebot/ros2_ws/build/gamepad_joy/install.log --single-version-externally-managed install_data
