running egg_info
creating ../../build/gamepad_joy/gamepad_joy.egg-info
writing ../../build/gamepad_joy/gamepad_joy.egg-info/PKG-INFO
writing dependency_links to ../../build/gamepad_joy/gamepad_joy.egg-info/dependency_links.txt
writing entry points to ../../build/gamepad_joy/gamepad_joy.egg-info/entry_points.txt
writing requirements to ../../build/gamepad_joy/gamepad_joy.egg-info/requires.txt
writing top-level names to ../../build/gamepad_joy/gamepad_joy.egg-info/top_level.txt
writing manifest file '../../build/gamepad_joy/gamepad_joy.egg-info/SOURCES.txt'
reading manifest file '../../build/gamepad_joy/gamepad_joy.egg-info/SOURCES.txt'
writing manifest file '../../build/gamepad_joy/gamepad_joy.egg-info/SOURCES.txt'
running build
running build_py
creating /home/oystein/scatebot/ros2_ws/build/gamepad_joy/build
creating /home/oystein/scatebot/ros2_ws/build/gamepad_joy/build/lib
creating /home/oystein/scatebot/ros2_ws/build/gamepad_joy/build/lib/gamepad_joy
copying gamepad_joy/gamepad_to_joy.py -> /home/oystein/scatebot/ros2_ws/build/gamepad_joy/build/lib/gamepad_joy
copying gamepad_joy/__init__.py -> /home/oystein/scatebot/ros2_ws/build/gamepad_joy/build/lib/gamepad_joy
running install
running install_lib
creating /home/oystein/scatebot/ros2_ws/install/gamepad_joy/lib/python3.12/site-packages/gamepad_joy
copying /home/oystein/scatebot/ros2_ws/build/gamepad_joy/build/lib/gamepad_joy/gamepad_to_joy.py -> /home/oystein/scatebot/ros2_ws/install/gamepad_joy/lib/python3.12/site-packages/gamepad_joy
copying /home/oystein/scatebot/ros2_ws/build/gamepad_joy/build/lib/gamepad_joy/__init__.py -> /home/oystein/scatebot/ros2_ws/install/gamepad_joy/lib/python3.12/site-packages/gamepad_joy
byte-compiling /home/oystein/scatebot/ros2_ws/install/gamepad_joy/lib/python3.12/site-packages/gamepad_joy/gamepad_to_joy.py to gamepad_to_joy.cpython-312.pyc
byte-compiling /home/oystein/scatebot/ros2_ws/install/gamepad_joy/lib/python3.12/site-packages/gamepad_joy/__init__.py to __init__.cpython-312.pyc
running install_data
creating /home/oystein/scatebot/ros2_ws/install/gamepad_joy/share/ament_index
creating /home/oystein/scatebot/ros2_ws/install/gamepad_joy/share/ament_index/resource_index
creating /home/oystein/scatebot/ros2_ws/install/gamepad_joy/share/ament_index/resource_index/packages
copying resource/gamepad_joy -> /home/oystein/scatebot/ros2_ws/install/gamepad_joy/share/ament_index/resource_index/packages
copying package.xml -> /home/oystein/scatebot/ros2_ws/install/gamepad_joy/share/gamepad_joy
creating /home/oystein/scatebot/ros2_ws/install/gamepad_joy/share/gamepad_joy/launch
copying launch/joy.launch.py -> /home/oystein/scatebot/ros2_ws/install/gamepad_joy/share/gamepad_joy/launch
running install_egg_info
Copying ../../build/gamepad_joy/gamepad_joy.egg-info to /home/oystein/scatebot/ros2_ws/install/gamepad_joy/lib/python3.12/site-packages/gamepad_joy-0.0.0-py3.12.egg-info
running install_scripts
Installing gamepad_joy script to /home/oystein/scatebot/ros2_ws/install/gamepad_joy/lib/gamepad_joy
writing list of installed files to '/home/oystein/scatebot/ros2_ws/build/gamepad_joy/install.log'
