[0.888s] Invoking command in '/home/oystein/scatebot/ros2_ws/src/gamepad_joy': DEBUGINFOD_URLS=https://debuginfod.ubuntu.com PYTHONPATH=/home/oystein/scatebot/ros2_ws/build/gamepad_joy/prefix_override:/usr/lib/python3/dist-packages/colcon_core/task/python/colcon_distutils_commands:/home/oystein/scatebot/ros2_ws/install/gamepad_joy/lib/python3.12/site-packages:${PYTHONPATH} /usr/bin/python3 -W ignore:setup.py install is deprecated -W ignore:easy_install command is deprecated setup.py egg_info --egg-base ../../build/gamepad_joy build --build-base /home/oystein/scatebot/ros2_ws/build/gamepad_joy/build install --record /home/oystein/scatebot/ros2_ws/build/gamepad_joy/install.log --single-version-externally-managed install_data
[1.141s] running egg_info
[1.142s] creating ../../build/gamepad_joy/gamepad_joy.egg-info
[1.161s] writing ../../build/gamepad_joy/gamepad_joy.egg-info/PKG-INFO
[1.161s] writing dependency_links to ../../build/gamepad_joy/gamepad_joy.egg-info/dependency_links.txt
[1.161s] writing entry points to ../../build/gamepad_joy/gamepad_joy.egg-info/entry_points.txt
[1.161s] writing requirements to ../../build/gamepad_joy/gamepad_joy.egg-info/requires.txt
[1.162s] writing top-level names to ../../build/gamepad_joy/gamepad_joy.egg-info/top_level.txt
[1.162s] writing manifest file '../../build/gamepad_joy/gamepad_joy.egg-info/SOURCES.txt'
[1.200s] reading manifest file '../../build/gamepad_joy/gamepad_joy.egg-info/SOURCES.txt'
[1.201s] writing manifest file '../../build/gamepad_joy/gamepad_joy.egg-info/SOURCES.txt'
[1.201s] running build
[1.201s] running build_py
[1.201s] creating /home/oystein/scatebot/ros2_ws/build/gamepad_joy/build
[1.201s] creating /home/oystein/scatebot/ros2_ws/build/gamepad_joy/build/lib
[1.202s] creating /home/oystein/scatebot/ros2_ws/build/gamepad_joy/build/lib/gamepad_joy
[1.202s] copying gamepad_joy/gamepad_to_joy.py -> /home/oystein/scatebot/ros2_ws/build/gamepad_joy/build/lib/gamepad_joy
[1.202s] copying gamepad_joy/__init__.py -> /home/oystein/scatebot/ros2_ws/build/gamepad_joy/build/lib/gamepad_joy
[1.202s] running install
[1.207s] running install_lib
[1.227s] creating /home/oystein/scatebot/ros2_ws/install/gamepad_joy/lib/python3.12/site-packages/gamepad_joy
[1.227s] copying /home/oystein/scatebot/ros2_ws/build/gamepad_joy/build/lib/gamepad_joy/gamepad_to_joy.py -> /home/oystein/scatebot/ros2_ws/install/gamepad_joy/lib/python3.12/site-packages/gamepad_joy
[1.227s] copying /home/oystein/scatebot/ros2_ws/build/gamepad_joy/build/lib/gamepad_joy/__init__.py -> /home/oystein/scatebot/ros2_ws/install/gamepad_joy/lib/python3.12/site-packages/gamepad_joy
[1.228s] byte-compiling /home/oystein/scatebot/ros2_ws/install/gamepad_joy/lib/python3.12/site-packages/gamepad_joy/gamepad_to_joy.py to gamepad_to_joy.cpython-312.pyc
[1.229s] byte-compiling /home/oystein/scatebot/ros2_ws/install/gamepad_joy/lib/python3.12/site-packages/gamepad_joy/__init__.py to __init__.cpython-312.pyc
[1.229s] running install_data
[1.229s] creating /home/oystein/scatebot/ros2_ws/install/gamepad_joy/share/ament_index
[1.229s] creating /home/oystein/scatebot/ros2_ws/install/gamepad_joy/share/ament_index/resource_index
[1.229s] creating /home/oystein/scatebot/ros2_ws/install/gamepad_joy/share/ament_index/resource_index/packages
[1.229s] copying resource/gamepad_joy -> /home/oystein/scatebot/ros2_ws/install/gamepad_joy/share/ament_index/resource_index/packages
[1.229s] copying package.xml -> /home/oystein/scatebot/ros2_ws/install/gamepad_joy/share/gamepad_joy
[1.230s] creating /home/oystein/scatebot/ros2_ws/install/gamepad_joy/share/gamepad_joy/launch
[1.230s] copying launch/joy.launch.py -> /home/oystein/scatebot/ros2_ws/install/gamepad_joy/share/gamepad_joy/launch
[1.230s] running install_egg_info
[1.251s] Copying ../../build/gamepad_joy/gamepad_joy.egg-info to /home/oystein/scatebot/ros2_ws/install/gamepad_joy/lib/python3.12/site-packages/gamepad_joy-0.0.0-py3.12.egg-info
[1.252s] running install_scripts
[1.390s] Installing gamepad_joy script to /home/oystein/scatebot/ros2_ws/install/gamepad_joy/lib/gamepad_joy
[1.390s] writing list of installed files to '/home/oystein/scatebot/ros2_ws/build/gamepad_joy/install.log'
[1.413s] Invoked command in '/home/oystein/scatebot/ros2_ws/src/gamepad_joy' returned '0': DEBUGINFOD_URLS=https://debuginfod.ubuntu.com PYTHONPATH=/home/oystein/scatebot/ros2_ws/build/gamepad_joy/prefix_override:/usr/lib/python3/dist-packages/colcon_core/task/python/colcon_distutils_commands:/home/oystein/scatebot/ros2_ws/install/gamepad_joy/lib/python3.12/site-packages:${PYTHONPATH} /usr/bin/python3 -W ignore:setup.py install is deprecated -W ignore:easy_install command is deprecated setup.py egg_info --egg-base ../../build/gamepad_joy build --build-base /home/oystein/scatebot/ros2_ws/build/gamepad_joy/build install --record /home/oystein/scatebot/ros2_ws/build/gamepad_joy/install.log --single-version-externally-managed install_data
